{"uid":"23f18402af0963f1","name":"Create an Order","fullName":"Order Tests as Customer - Bulky Web App: Create an Order","historyId":"87bcf7bfa24ab67dcc38332109c65fb7","time":{"start":1685368355375,"stop":1685368364504,"duration":9129},"status":"broken","statusMessage":"element click intercepted: Element <button type=\"submit\" value=\"...\" class=\"btn btn-primary form-control\">Place Order</button> is not clickable at point (804, 561). Other element would receive the click: <div b-xaq7ih10jw=\"\" class=\"text-center\">...</div>\n  (Session info: chrome=113.0.5672.93)\nBuild info: version: '4.9.0', revision: 'd7057100a6'\nSystem info: os.name: 'Windows Server 2022', os.arch: 'amd64', os.version: '10.0', java.version: '1.8.0_372'\nDriver info: org.openqa.selenium.chrome.ChromeDriver\nCommand: [0cab8c60e048058dc32c1adf4b0141c4, clickElement {id=A4C9E098766C83BAA7EB771D07A0ECE7_element_79}]\nCapabilities {acceptInsecureCerts: false, browserName: chrome, browserVersion: 113.0.5672.93, chrome: {chromedriverVersion: 113.0.5672.63 (0e1a4471d5ae..., userDataDir: C:\\Program Files (x86)\\scop...}, goog:chromeOptions: {debuggerAddress: localhost:59009}, networkConnectionEnabled: false, pageLoadStrategy: normal, platformName: WINDOWS, proxy: Proxy(), se:cdp: ws://localhost:59009/devtoo..., se:cdpVersion: 113.0.5672.93, setWindowRect: true, strictFileInteractability: false, timeouts: {implicit: 0, pageLoad: 300000, script: 30000}, unhandledPromptBehavior: dismiss and notify, webauthn:extension:credBlob: true, webauthn:extension:largeBlob: true, webauthn:extension:minPinLength: true, webauthn:extension:prf: true, webauthn:virtualAuthenticators: true}\nElement: [[ChromeDriver: chrome on WINDOWS (0cab8c60e048058dc32c1adf4b0141c4)] -> xpath: //button[contains(text(),'Place Order')]]\nSession ID: 0cab8c60e048058dc32c1adf4b0141c4","statusTrace":"org.openqa.selenium.ElementClickInterceptedException: element click intercepted: Element <button type=\"submit\" value=\"...\" class=\"btn btn-primary form-control\">Place Order</button> is not clickable at point (804, 561). Other element would receive the click: <div b-xaq7ih10jw=\"\" class=\"text-center\">...</div>\n  (Session info: chrome=113.0.5672.93)\nBuild info: version: '4.9.0', revision: 'd7057100a6'\nSystem info: os.name: 'Windows Server 2022', os.arch: 'amd64', os.version: '10.0', java.version: '1.8.0_372'\nDriver info: org.openqa.selenium.chrome.ChromeDriver\nCommand: [0cab8c60e048058dc32c1adf4b0141c4, clickElement {id=A4C9E098766C83BAA7EB771D07A0ECE7_element_79}]\nCapabilities {acceptInsecureCerts: false, browserName: chrome, browserVersion: 113.0.5672.93, chrome: {chromedriverVersion: 113.0.5672.63 (0e1a4471d5ae..., userDataDir: C:\\Program Files (x86)\\scop...}, goog:chromeOptions: {debuggerAddress: localhost:59009}, networkConnectionEnabled: false, pageLoadStrategy: normal, platformName: WINDOWS, proxy: Proxy(), se:cdp: ws://localhost:59009/devtoo..., se:cdpVersion: 113.0.5672.93, setWindowRect: true, strictFileInteractability: false, timeouts: {implicit: 0, pageLoad: 300000, script: 30000}, unhandledPromptBehavior: dismiss and notify, webauthn:extension:credBlob: true, webauthn:extension:largeBlob: true, webauthn:extension:minPinLength: true, webauthn:extension:prf: true, webauthn:virtualAuthenticators: true}\nElement: [[ChromeDriver: chrome on WINDOWS (0cab8c60e048058dc32c1adf4b0141c4)] -> xpath: //button[contains(text(),'Place Order')]]\nSession ID: 0cab8c60e048058dc32c1adf4b0141c4\r\n\tat sun.reflect.NativeConstructorAccessorImpl.newInstance0(Native Method)\r\n\tat sun.reflect.NativeConstructorAccessorImpl.newInstance(NativeConstructorAccessorImpl.java:62)\r\n\tat sun.reflect.DelegatingConstructorAccessorImpl.newInstance(DelegatingConstructorAccessorImpl.java:45)\r\n\tat java.lang.reflect.Constructor.newInstance(Constructor.java:423)\r\n\tat org.openqa.selenium.remote.codec.w3c.W3CHttpResponseCodec.createException(W3CHttpResponseCodec.java:200)\r\n\tat org.openqa.selenium.remote.codec.w3c.W3CHttpResponseCodec.decode(W3CHttpResponseCodec.java:133)\r\n\tat org.openqa.selenium.remote.codec.w3c.W3CHttpResponseCodec.decode(W3CHttpResponseCodec.java:53)\r\n\tat org.openqa.selenium.remote.HttpCommandExecutor.execute(HttpCommandExecutor.java:193)\r\n\tat org.openqa.selenium.remote.service.DriverCommandExecutor.invokeExecute(DriverCommandExecutor.java:183)\r\n\tat org.openqa.selenium.remote.service.DriverCommandExecutor.execute(DriverCommandExecutor.java:158)\r\n\tat org.openqa.selenium.remote.RemoteWebDriver.execute(RemoteWebDriver.java:543)\r\n\tat org.openqa.selenium.remote.RemoteWebElement.execute(RemoteWebElement.java:257)\r\n\tat org.openqa.selenium.remote.RemoteWebElement.click(RemoteWebElement.java:78)\r\n\tat ui.utilities.UiHelperMethods.clickElement(UiHelperMethods.java:29)\r\n\tat ui.pages.OrderSummaryPage.clickPlaceOrderBtn(OrderSummaryPage.java:19)\r\n\tat ui.stepDefinitions.OrderSummarySteps.clickThePlaceOrderBtn(OrderSummarySteps.java:21)\r\n\tat ✽.I click the Place Order button on the order summary page(file:///D:/a/1/s/src/main/features/UI/Customer%20Tests/OrderTests.feature:13)\r\n","flaky":false,"newFailed":false,"newBroken":false,"newPassed":false,"retriesCount":0,"retriesStatusChange":false,"beforeStages":[{"name":"ui.stepDefinitions.ContextSteps.setUp()","time":{"start":1685368355391,"stop":1685368359582,"duration":4191},"status":"passed","steps":[],"attachments":[],"parameters":[],"attachmentsCount":0,"shouldDisplayMessage":false,"stepsCount":0,"hasContent":false}],"testStage":{"status":"broken","statusMessage":"element click intercepted: Element <button type=\"submit\" value=\"...\" class=\"btn btn-primary form-control\">Place Order</button> is not clickable at point (804, 561). Other element would receive the click: <div b-xaq7ih10jw=\"\" class=\"text-center\">...</div>\n  (Session info: chrome=113.0.5672.93)\nBuild info: version: '4.9.0', revision: 'd7057100a6'\nSystem info: os.name: 'Windows Server 2022', os.arch: 'amd64', os.version: '10.0', java.version: '1.8.0_372'\nDriver info: org.openqa.selenium.chrome.ChromeDriver\nCommand: [0cab8c60e048058dc32c1adf4b0141c4, clickElement {id=A4C9E098766C83BAA7EB771D07A0ECE7_element_79}]\nCapabilities {acceptInsecureCerts: false, browserName: chrome, browserVersion: 113.0.5672.93, chrome: {chromedriverVersion: 113.0.5672.63 (0e1a4471d5ae..., userDataDir: C:\\Program Files (x86)\\scop...}, goog:chromeOptions: {debuggerAddress: localhost:59009}, networkConnectionEnabled: false, pageLoadStrategy: normal, platformName: WINDOWS, proxy: Proxy(), se:cdp: ws://localhost:59009/devtoo..., se:cdpVersion: 113.0.5672.93, setWindowRect: true, strictFileInteractability: false, timeouts: {implicit: 0, pageLoad: 300000, script: 30000}, unhandledPromptBehavior: dismiss and notify, webauthn:extension:credBlob: true, webauthn:extension:largeBlob: true, webauthn:extension:minPinLength: true, webauthn:extension:prf: true, webauthn:virtualAuthenticators: true}\nElement: [[ChromeDriver: chrome on WINDOWS (0cab8c60e048058dc32c1adf4b0141c4)] -> xpath: //button[contains(text(),'Place Order')]]\nSession ID: 0cab8c60e048058dc32c1adf4b0141c4","statusTrace":"org.openqa.selenium.ElementClickInterceptedException: element click intercepted: Element <button type=\"submit\" value=\"...\" class=\"btn btn-primary form-control\">Place Order</button> is not clickable at point (804, 561). Other element would receive the click: <div b-xaq7ih10jw=\"\" class=\"text-center\">...</div>\n  (Session info: chrome=113.0.5672.93)\nBuild info: version: '4.9.0', revision: 'd7057100a6'\nSystem info: os.name: 'Windows Server 2022', os.arch: 'amd64', os.version: '10.0', java.version: '1.8.0_372'\nDriver info: org.openqa.selenium.chrome.ChromeDriver\nCommand: [0cab8c60e048058dc32c1adf4b0141c4, clickElement {id=A4C9E098766C83BAA7EB771D07A0ECE7_element_79}]\nCapabilities {acceptInsecureCerts: false, browserName: chrome, browserVersion: 113.0.5672.93, chrome: {chromedriverVersion: 113.0.5672.63 (0e1a4471d5ae..., userDataDir: C:\\Program Files (x86)\\scop...}, goog:chromeOptions: {debuggerAddress: localhost:59009}, networkConnectionEnabled: false, pageLoadStrategy: normal, platformName: WINDOWS, proxy: Proxy(), se:cdp: ws://localhost:59009/devtoo..., se:cdpVersion: 113.0.5672.93, setWindowRect: true, strictFileInteractability: false, timeouts: {implicit: 0, pageLoad: 300000, script: 30000}, unhandledPromptBehavior: dismiss and notify, webauthn:extension:credBlob: true, webauthn:extension:largeBlob: true, webauthn:extension:minPinLength: true, webauthn:extension:prf: true, webauthn:virtualAuthenticators: true}\nElement: [[ChromeDriver: chrome on WINDOWS (0cab8c60e048058dc32c1adf4b0141c4)] -> xpath: //button[contains(text(),'Place Order')]]\nSession ID: 0cab8c60e048058dc32c1adf4b0141c4\r\n\tat sun.reflect.NativeConstructorAccessorImpl.newInstance0(Native Method)\r\n\tat sun.reflect.NativeConstructorAccessorImpl.newInstance(NativeConstructorAccessorImpl.java:62)\r\n\tat sun.reflect.DelegatingConstructorAccessorImpl.newInstance(DelegatingConstructorAccessorImpl.java:45)\r\n\tat java.lang.reflect.Constructor.newInstance(Constructor.java:423)\r\n\tat org.openqa.selenium.remote.codec.w3c.W3CHttpResponseCodec.createException(W3CHttpResponseCodec.java:200)\r\n\tat org.openqa.selenium.remote.codec.w3c.W3CHttpResponseCodec.decode(W3CHttpResponseCodec.java:133)\r\n\tat org.openqa.selenium.remote.codec.w3c.W3CHttpResponseCodec.decode(W3CHttpResponseCodec.java:53)\r\n\tat org.openqa.selenium.remote.HttpCommandExecutor.execute(HttpCommandExecutor.java:193)\r\n\tat org.openqa.selenium.remote.service.DriverCommandExecutor.invokeExecute(DriverCommandExecutor.java:183)\r\n\tat org.openqa.selenium.remote.service.DriverCommandExecutor.execute(DriverCommandExecutor.java:158)\r\n\tat org.openqa.selenium.remote.RemoteWebDriver.execute(RemoteWebDriver.java:543)\r\n\tat org.openqa.selenium.remote.RemoteWebElement.execute(RemoteWebElement.java:257)\r\n\tat org.openqa.selenium.remote.RemoteWebElement.click(RemoteWebElement.java:78)\r\n\tat ui.utilities.UiHelperMethods.clickElement(UiHelperMethods.java:29)\r\n\tat ui.pages.OrderSummaryPage.clickPlaceOrderBtn(OrderSummaryPage.java:19)\r\n\tat ui.stepDefinitions.OrderSummarySteps.clickThePlaceOrderBtn(OrderSummarySteps.java:21)\r\n\tat ✽.I click the Place Order button on the order summary page(file:///D:/a/1/s/src/main/features/UI/Customer%20Tests/OrderTests.feature:13)\r\n","steps":[{"name":"Given  I open the web app \"https://bulkymvc-jack.azurewebsites.net/\"","time":{"start":1685368359582,"stop":1685368360261,"duration":679},"status":"passed","steps":[],"attachments":[],"parameters":[],"attachmentsCount":0,"shouldDisplayMessage":false,"stepsCount":0,"hasContent":false},{"name":"Given  I click the login link","time":{"start":1685368360261,"stop":1685368360670,"duration":409},"status":"passed","steps":[],"attachments":[],"parameters":[],"attachmentsCount":0,"shouldDisplayMessage":false,"stepsCount":0,"hasContent":false},{"name":"Given  I enter the username \"customer@email.com\" and password \"Test123!\"","time":{"start":1685368360670,"stop":1685368361751,"duration":1081},"status":"passed","steps":[],"attachments":[],"parameters":[],"attachmentsCount":0,"shouldDisplayMessage":false,"stepsCount":0,"hasContent":false},{"name":"Given  I click the details button for product \"Fortune of Time\"","time":{"start":1685368361752,"stop":1685368362040,"duration":288},"status":"passed","steps":[],"attachments":[],"parameters":[],"attachmentsCount":0,"shouldDisplayMessage":false,"stepsCount":0,"hasContent":false},{"name":"Given  I set the count to \"4\"","time":{"start":1685368362041,"stop":1685368362293,"duration":252},"status":"passed","steps":[],"attachments":[],"parameters":[],"attachmentsCount":0,"shouldDisplayMessage":false,"stepsCount":0,"hasContent":false},{"name":"Given  I click the Add To Cart button","time":{"start":1685368362293,"stop":1685368362545,"duration":252},"status":"passed","steps":[],"attachments":[],"parameters":[],"attachmentsCount":0,"shouldDisplayMessage":false,"stepsCount":0,"hasContent":false},{"name":"Given  I click the cart icon","time":{"start":1685368362545,"stop":1685368362842,"duration":297},"status":"passed","steps":[],"attachments":[],"parameters":[],"attachmentsCount":0,"shouldDisplayMessage":false,"stepsCount":0,"hasContent":false},{"name":"Given  I click the Summary button on the shopping cart page","time":{"start":1685368362842,"stop":1685368363081,"duration":239},"status":"passed","steps":[],"attachments":[],"parameters":[],"attachmentsCount":0,"shouldDisplayMessage":false,"stepsCount":0,"hasContent":false},{"name":"Given  I click the Place Order button on the order summary page","time":{"start":1685368363081,"stop":1685368364329,"duration":1248},"status":"broken","statusMessage":"element click intercepted: Element <button type=\"submit\" value=\"...\" class=\"btn btn-primary form-control\">Place Order</button> is not clickable at point (804, 561). Other element would receive the click: <div b-xaq7ih10jw=\"\" class=\"text-center\">...</div>\n  (Session info: chrome=113.0.5672.93)\nBuild info: version: '4.9.0', revision: 'd7057100a6'\nSystem info: os.name: 'Windows Server 2022', os.arch: 'amd64', os.version: '10.0', java.version: '1.8.0_372'\nDriver info: org.openqa.selenium.chrome.ChromeDriver\nCommand: [0cab8c60e048058dc32c1adf4b0141c4, clickElement {id=A4C9E098766C83BAA7EB771D07A0ECE7_element_79}]\nCapabilities {acceptInsecureCerts: false, browserName: chrome, browserVersion: 113.0.5672.93, chrome: {chromedriverVersion: 113.0.5672.63 (0e1a4471d5ae..., userDataDir: C:\\Program Files (x86)\\scop...}, goog:chromeOptions: {debuggerAddress: localhost:59009}, networkConnectionEnabled: false, pageLoadStrategy: normal, platformName: WINDOWS, proxy: Proxy(), se:cdp: ws://localhost:59009/devtoo..., se:cdpVersion: 113.0.5672.93, setWindowRect: true, strictFileInteractability: false, timeouts: {implicit: 0, pageLoad: 300000, script: 30000}, unhandledPromptBehavior: dismiss and notify, webauthn:extension:credBlob: true, webauthn:extension:largeBlob: true, webauthn:extension:minPinLength: true, webauthn:extension:prf: true, webauthn:virtualAuthenticators: true}\nElement: [[ChromeDriver: chrome on WINDOWS (0cab8c60e048058dc32c1adf4b0141c4)] -> xpath: //button[contains(text(),'Place Order')]]\nSession ID: 0cab8c60e048058dc32c1adf4b0141c4","statusTrace":"org.openqa.selenium.ElementClickInterceptedException: element click intercepted: Element <button type=\"submit\" value=\"...\" class=\"btn btn-primary form-control\">Place Order</button> is not clickable at point (804, 561). Other element would receive the click: <div b-xaq7ih10jw=\"\" class=\"text-center\">...</div>\n  (Session info: chrome=113.0.5672.93)\nBuild info: version: '4.9.0', revision: 'd7057100a6'\nSystem info: os.name: 'Windows Server 2022', os.arch: 'amd64', os.version: '10.0', java.version: '1.8.0_372'\nDriver info: org.openqa.selenium.chrome.ChromeDriver\nCommand: [0cab8c60e048058dc32c1adf4b0141c4, clickElement {id=A4C9E098766C83BAA7EB771D07A0ECE7_element_79}]\nCapabilities {acceptInsecureCerts: false, browserName: chrome, browserVersion: 113.0.5672.93, chrome: {chromedriverVersion: 113.0.5672.63 (0e1a4471d5ae..., userDataDir: C:\\Program Files (x86)\\scop...}, goog:chromeOptions: {debuggerAddress: localhost:59009}, networkConnectionEnabled: false, pageLoadStrategy: normal, platformName: WINDOWS, proxy: Proxy(), se:cdp: ws://localhost:59009/devtoo..., se:cdpVersion: 113.0.5672.93, setWindowRect: true, strictFileInteractability: false, timeouts: {implicit: 0, pageLoad: 300000, script: 30000}, unhandledPromptBehavior: dismiss and notify, webauthn:extension:credBlob: true, webauthn:extension:largeBlob: true, webauthn:extension:minPinLength: true, webauthn:extension:prf: true, webauthn:virtualAuthenticators: true}\nElement: [[ChromeDriver: chrome on WINDOWS (0cab8c60e048058dc32c1adf4b0141c4)] -> xpath: //button[contains(text(),'Place Order')]]\nSession ID: 0cab8c60e048058dc32c1adf4b0141c4\r\n\tat sun.reflect.NativeConstructorAccessorImpl.newInstance0(Native Method)\r\n\tat sun.reflect.NativeConstructorAccessorImpl.newInstance(NativeConstructorAccessorImpl.java:62)\r\n\tat sun.reflect.DelegatingConstructorAccessorImpl.newInstance(DelegatingConstructorAccessorImpl.java:45)\r\n\tat java.lang.reflect.Constructor.newInstance(Constructor.java:423)\r\n\tat org.openqa.selenium.remote.codec.w3c.W3CHttpResponseCodec.createException(W3CHttpResponseCodec.java:200)\r\n\tat org.openqa.selenium.remote.codec.w3c.W3CHttpResponseCodec.decode(W3CHttpResponseCodec.java:133)\r\n\tat org.openqa.selenium.remote.codec.w3c.W3CHttpResponseCodec.decode(W3CHttpResponseCodec.java:53)\r\n\tat org.openqa.selenium.remote.HttpCommandExecutor.execute(HttpCommandExecutor.java:193)\r\n\tat org.openqa.selenium.remote.service.DriverCommandExecutor.invokeExecute(DriverCommandExecutor.java:183)\r\n\tat org.openqa.selenium.remote.service.DriverCommandExecutor.execute(DriverCommandExecutor.java:158)\r\n\tat org.openqa.selenium.remote.RemoteWebDriver.execute(RemoteWebDriver.java:543)\r\n\tat org.openqa.selenium.remote.RemoteWebElement.execute(RemoteWebElement.java:257)\r\n\tat org.openqa.selenium.remote.RemoteWebElement.click(RemoteWebElement.java:78)\r\n\tat ui.utilities.UiHelperMethods.clickElement(UiHelperMethods.java:29)\r\n\tat ui.pages.OrderSummaryPage.clickPlaceOrderBtn(OrderSummaryPage.java:19)\r\n\tat ui.stepDefinitions.OrderSummarySteps.clickThePlaceOrderBtn(OrderSummarySteps.java:21)\r\n\tat ✽.I click the Place Order button on the order summary page(file:///D:/a/1/s/src/main/features/UI/Customer%20Tests/OrderTests.feature:13)\r\n","steps":[],"attachments":[],"parameters":[],"attachmentsCount":0,"shouldDisplayMessage":true,"stepsCount":0,"hasContent":true},{"name":"When  I enter the credit card details on the stripe redirect page and click pay","time":{"start":1685368364329,"stop":1685368364329,"duration":0},"status":"skipped","steps":[],"attachments":[],"parameters":[],"attachmentsCount":0,"shouldDisplayMessage":false,"stepsCount":0,"hasContent":false},{"name":"Then  I am notified the order is placed successfully","time":{"start":1685368364329,"stop":1685368364329,"duration":0},"status":"skipped","steps":[],"attachments":[],"parameters":[],"attachmentsCount":0,"shouldDisplayMessage":false,"stepsCount":0,"hasContent":false}],"attachments":[],"parameters":[],"attachmentsCount":0,"shouldDisplayMessage":false,"stepsCount":11,"hasContent":true},"afterStages":[{"name":"ui.stepDefinitions.ContextSteps.tearDown(io.cucumber.java.Scenario)","time":{"start":1685368364329,"stop":1685368364504,"duration":175},"status":"passed","steps":[],"attachments":[{"uid":"49f07c57ebae8b36","name":"./Screenshots/Create an Order_2905231352.png","source":"49f07c57ebae8b36.png","type":"image/png","size":46724}],"parameters":[],"attachmentsCount":1,"shouldDisplayMessage":false,"stepsCount":0,"hasContent":true}],"labels":[{"name":"tag","value":"TestNG"},{"name":"host","value":"WIN-VC6Q9VNQ77R"},{"name":"thread","value":"5844@WIN-VC6Q9VNQ77R.main(1)"},{"name":"feature","value":"Order Tests as Customer - Bulky Web App"},{"name":"story","value":"Create an Order"},{"name":"suite","value":"Order Tests as Customer - Bulky Web App"},{"name":"testClass","value":"Create an Order"},{"name":"framework","value":"cucumber4jvm"},{"name":"language","value":"java"},{"name":"gherkin_uri","value":"file:///D:/a/1/s/src/main/features/UI/Customer%20Tests/OrderTests.feature"},{"name":"package","value":"src.main.features.UI.Customer Tests.OrderTests_feature.Order Tests as Customer - Bulky Web App"},{"name":"resultFormat","value":"allure2"}],"parameters":[],"links":[],"hidden":false,"retry":false,"extra":{"severity":"normal","retries":[],"categories":[{"name":"Test defects","matchedStatuses":[],"flaky":false}],"tags":["TestNG"]},"source":"23f18402af0963f1.json","parameterValues":[]}