{"uid":"37998f46d8716997","name":"Create an Order","fullName":"Order Tests as Customer - Bulky Web App: Create an Order","historyId":"da3d1ee654ee57df75c80c24901df0cd","time":{"start":1687154529940,"stop":1687154594418,"duration":64478},"status":"broken","statusMessage":"element click intercepted: Element <button type=\"submit\" value=\"...\" class=\"btn btn-primary form-control\">Place Order</button> is not clickable at point (706, 557). Other element would receive the click: <div b-xaq7ih10jw=\"\" class=\"text-center\">...</div>\n  (Session info: chrome=114.0.5735.110)\nBuild info: version: '4.9.0', revision: 'd7057100a6'\nSystem info: os.name: 'Windows Server 2022', os.arch: 'amd64', os.version: '10.0', java.version: '1.8.0_372'\nDriver info: org.openqa.selenium.chrome.ChromeDriver\nCommand: [44f75fde79bcc6f18305ab62493fedb0, clickElement {id=A289C3357B36B566684B3CFEAAC71EC4_element_50}]\nCapabilities {acceptInsecureCerts: false, browserName: chrome, browserVersion: 114.0.5735.110, chrome: {chromedriverVersion: 114.0.5735.90 (386bc09e8f4f..., userDataDir: C:\\Windows\\SystemTemp\\scope...}, goog:chromeOptions: {debuggerAddress: localhost:52963}, networkConnectionEnabled: false, pageLoadStrategy: normal, platformName: WINDOWS, proxy: Proxy(), se:cdp: ws://localhost:52963/devtoo..., se:cdpVersion: 114.0.5735.110, setWindowRect: true, strictFileInteractability: false, timeouts: {implicit: 0, pageLoad: 300000, script: 30000}, unhandledPromptBehavior: dismiss and notify, webauthn:extension:credBlob: true, webauthn:extension:largeBlob: true, webauthn:extension:minPinLength: true, webauthn:extension:prf: true, webauthn:virtualAuthenticators: true}\nElement: [[ChromeDriver: chrome on WINDOWS (44f75fde79bcc6f18305ab62493fedb0)] -> xpath: //button[contains(text(),'Place Order')]]\nSession ID: 44f75fde79bcc6f18305ab62493fedb0","statusTrace":"org.openqa.selenium.ElementClickInterceptedException: element click intercepted: Element <button type=\"submit\" value=\"...\" class=\"btn btn-primary form-control\">Place Order</button> is not clickable at point (706, 557). Other element would receive the click: <div b-xaq7ih10jw=\"\" class=\"text-center\">...</div>\n  (Session info: chrome=114.0.5735.110)\nBuild info: version: '4.9.0', revision: 'd7057100a6'\nSystem info: os.name: 'Windows Server 2022', os.arch: 'amd64', os.version: '10.0', java.version: '1.8.0_372'\nDriver info: org.openqa.selenium.chrome.ChromeDriver\nCommand: [44f75fde79bcc6f18305ab62493fedb0, clickElement {id=A289C3357B36B566684B3CFEAAC71EC4_element_50}]\nCapabilities {acceptInsecureCerts: false, browserName: chrome, browserVersion: 114.0.5735.110, chrome: {chromedriverVersion: 114.0.5735.90 (386bc09e8f4f..., userDataDir: C:\\Windows\\SystemTemp\\scope...}, goog:chromeOptions: {debuggerAddress: localhost:52963}, networkConnectionEnabled: false, pageLoadStrategy: normal, platformName: WINDOWS, proxy: Proxy(), se:cdp: ws://localhost:52963/devtoo..., se:cdpVersion: 114.0.5735.110, setWindowRect: true, strictFileInteractability: false, timeouts: {implicit: 0, pageLoad: 300000, script: 30000}, unhandledPromptBehavior: dismiss and notify, webauthn:extension:credBlob: true, webauthn:extension:largeBlob: true, webauthn:extension:minPinLength: true, webauthn:extension:prf: true, webauthn:virtualAuthenticators: true}\nElement: [[ChromeDriver: chrome on WINDOWS (44f75fde79bcc6f18305ab62493fedb0)] -> xpath: //button[contains(text(),'Place Order')]]\nSession ID: 44f75fde79bcc6f18305ab62493fedb0\r\n\tat sun.reflect.NativeConstructorAccessorImpl.newInstance0(Native Method)\r\n\tat sun.reflect.NativeConstructorAccessorImpl.newInstance(NativeConstructorAccessorImpl.java:62)\r\n\tat sun.reflect.DelegatingConstructorAccessorImpl.newInstance(DelegatingConstructorAccessorImpl.java:45)\r\n\tat java.lang.reflect.Constructor.newInstance(Constructor.java:423)\r\n\tat org.openqa.selenium.remote.codec.w3c.W3CHttpResponseCodec.createException(W3CHttpResponseCodec.java:200)\r\n\tat org.openqa.selenium.remote.codec.w3c.W3CHttpResponseCodec.decode(W3CHttpResponseCodec.java:133)\r\n\tat org.openqa.selenium.remote.codec.w3c.W3CHttpResponseCodec.decode(W3CHttpResponseCodec.java:53)\r\n\tat org.openqa.selenium.remote.HttpCommandExecutor.execute(HttpCommandExecutor.java:193)\r\n\tat org.openqa.selenium.remote.service.DriverCommandExecutor.invokeExecute(DriverCommandExecutor.java:183)\r\n\tat org.openqa.selenium.remote.service.DriverCommandExecutor.execute(DriverCommandExecutor.java:158)\r\n\tat org.openqa.selenium.remote.RemoteWebDriver.execute(RemoteWebDriver.java:543)\r\n\tat org.openqa.selenium.remote.RemoteWebElement.execute(RemoteWebElement.java:257)\r\n\tat org.openqa.selenium.remote.RemoteWebElement.click(RemoteWebElement.java:78)\r\n\tat ui.utilities.UiHelperMethods.clickElement(UiHelperMethods.java:29)\r\n\tat ui.pages.OrderSummaryPage.clickPlaceOrderBtn(OrderSummaryPage.java:20)\r\n\tat ui.stepDefinitions.OrderSummarySteps.clickThePlaceOrderBtn(OrderSummarySteps.java:21)\r\n\tat ✽.I click the Place Order button on the order summary page(file:///D:/a/1/s/src/main/features/UI/OrderTests.feature:13)\r\n","flaky":false,"newFailed":false,"newBroken":false,"newPassed":false,"retriesCount":7,"retriesStatusChange":true,"beforeStages":[{"name":"ui.stepDefinitions.ContextSteps.setUp()","time":{"start":1687154529940,"stop":1687154563757,"duration":33817},"status":"passed","steps":[],"attachments":[],"parameters":[],"hasContent":false,"stepsCount":0,"shouldDisplayMessage":false,"attachmentsCount":0}],"testStage":{"status":"broken","statusMessage":"element click intercepted: Element <button type=\"submit\" value=\"...\" class=\"btn btn-primary form-control\">Place Order</button> is not clickable at point (706, 557). Other element would receive the click: <div b-xaq7ih10jw=\"\" class=\"text-center\">...</div>\n  (Session info: chrome=114.0.5735.110)\nBuild info: version: '4.9.0', revision: 'd7057100a6'\nSystem info: os.name: 'Windows Server 2022', os.arch: 'amd64', os.version: '10.0', java.version: '1.8.0_372'\nDriver info: org.openqa.selenium.chrome.ChromeDriver\nCommand: [44f75fde79bcc6f18305ab62493fedb0, clickElement {id=A289C3357B36B566684B3CFEAAC71EC4_element_50}]\nCapabilities {acceptInsecureCerts: false, browserName: chrome, browserVersion: 114.0.5735.110, chrome: {chromedriverVersion: 114.0.5735.90 (386bc09e8f4f..., userDataDir: C:\\Windows\\SystemTemp\\scope...}, goog:chromeOptions: {debuggerAddress: localhost:52963}, networkConnectionEnabled: false, pageLoadStrategy: normal, platformName: WINDOWS, proxy: Proxy(), se:cdp: ws://localhost:52963/devtoo..., se:cdpVersion: 114.0.5735.110, setWindowRect: true, strictFileInteractability: false, timeouts: {implicit: 0, pageLoad: 300000, script: 30000}, unhandledPromptBehavior: dismiss and notify, webauthn:extension:credBlob: true, webauthn:extension:largeBlob: true, webauthn:extension:minPinLength: true, webauthn:extension:prf: true, webauthn:virtualAuthenticators: true}\nElement: [[ChromeDriver: chrome on WINDOWS (44f75fde79bcc6f18305ab62493fedb0)] -> xpath: //button[contains(text(),'Place Order')]]\nSession ID: 44f75fde79bcc6f18305ab62493fedb0","statusTrace":"org.openqa.selenium.ElementClickInterceptedException: element click intercepted: Element <button type=\"submit\" value=\"...\" class=\"btn btn-primary form-control\">Place Order</button> is not clickable at point (706, 557). Other element would receive the click: <div b-xaq7ih10jw=\"\" class=\"text-center\">...</div>\n  (Session info: chrome=114.0.5735.110)\nBuild info: version: '4.9.0', revision: 'd7057100a6'\nSystem info: os.name: 'Windows Server 2022', os.arch: 'amd64', os.version: '10.0', java.version: '1.8.0_372'\nDriver info: org.openqa.selenium.chrome.ChromeDriver\nCommand: [44f75fde79bcc6f18305ab62493fedb0, clickElement {id=A289C3357B36B566684B3CFEAAC71EC4_element_50}]\nCapabilities {acceptInsecureCerts: false, browserName: chrome, browserVersion: 114.0.5735.110, chrome: {chromedriverVersion: 114.0.5735.90 (386bc09e8f4f..., userDataDir: C:\\Windows\\SystemTemp\\scope...}, goog:chromeOptions: {debuggerAddress: localhost:52963}, networkConnectionEnabled: false, pageLoadStrategy: normal, platformName: WINDOWS, proxy: Proxy(), se:cdp: ws://localhost:52963/devtoo..., se:cdpVersion: 114.0.5735.110, setWindowRect: true, strictFileInteractability: false, timeouts: {implicit: 0, pageLoad: 300000, script: 30000}, unhandledPromptBehavior: dismiss and notify, webauthn:extension:credBlob: true, webauthn:extension:largeBlob: true, webauthn:extension:minPinLength: true, webauthn:extension:prf: true, webauthn:virtualAuthenticators: true}\nElement: [[ChromeDriver: chrome on WINDOWS (44f75fde79bcc6f18305ab62493fedb0)] -> xpath: //button[contains(text(),'Place Order')]]\nSession ID: 44f75fde79bcc6f18305ab62493fedb0\r\n\tat sun.reflect.NativeConstructorAccessorImpl.newInstance0(Native Method)\r\n\tat sun.reflect.NativeConstructorAccessorImpl.newInstance(NativeConstructorAccessorImpl.java:62)\r\n\tat sun.reflect.DelegatingConstructorAccessorImpl.newInstance(DelegatingConstructorAccessorImpl.java:45)\r\n\tat java.lang.reflect.Constructor.newInstance(Constructor.java:423)\r\n\tat org.openqa.selenium.remote.codec.w3c.W3CHttpResponseCodec.createException(W3CHttpResponseCodec.java:200)\r\n\tat org.openqa.selenium.remote.codec.w3c.W3CHttpResponseCodec.decode(W3CHttpResponseCodec.java:133)\r\n\tat org.openqa.selenium.remote.codec.w3c.W3CHttpResponseCodec.decode(W3CHttpResponseCodec.java:53)\r\n\tat org.openqa.selenium.remote.HttpCommandExecutor.execute(HttpCommandExecutor.java:193)\r\n\tat org.openqa.selenium.remote.service.DriverCommandExecutor.invokeExecute(DriverCommandExecutor.java:183)\r\n\tat org.openqa.selenium.remote.service.DriverCommandExecutor.execute(DriverCommandExecutor.java:158)\r\n\tat org.openqa.selenium.remote.RemoteWebDriver.execute(RemoteWebDriver.java:543)\r\n\tat org.openqa.selenium.remote.RemoteWebElement.execute(RemoteWebElement.java:257)\r\n\tat org.openqa.selenium.remote.RemoteWebElement.click(RemoteWebElement.java:78)\r\n\tat ui.utilities.UiHelperMethods.clickElement(UiHelperMethods.java:29)\r\n\tat ui.pages.OrderSummaryPage.clickPlaceOrderBtn(OrderSummaryPage.java:20)\r\n\tat ui.stepDefinitions.OrderSummarySteps.clickThePlaceOrderBtn(OrderSummarySteps.java:21)\r\n\tat ✽.I click the Place Order button on the order summary page(file:///D:/a/1/s/src/main/features/UI/OrderTests.feature:13)\r\n","steps":[{"name":"Given  I open the web app \"https://bulkymvc-jack.azurewebsites.net/\"","time":{"start":1687154563757,"stop":1687154587517,"duration":23760},"status":"passed","steps":[],"attachments":[],"parameters":[],"hasContent":false,"stepsCount":0,"shouldDisplayMessage":false,"attachmentsCount":0},{"name":"Given  I click the login link","time":{"start":1687154587518,"stop":1687154588810,"duration":1292},"status":"passed","steps":[],"attachments":[],"parameters":[],"hasContent":false,"stepsCount":0,"shouldDisplayMessage":false,"attachmentsCount":0},{"name":"Given  I enter the username \"customer@email.com\" and password \"Test123!\"","time":{"start":1687154588810,"stop":1687154591120,"duration":2310},"status":"passed","steps":[],"attachments":[],"parameters":[],"hasContent":false,"stepsCount":0,"shouldDisplayMessage":false,"attachmentsCount":0},{"name":"Given  I click the details button for product \"Fortune of Time\"","time":{"start":1687154591121,"stop":1687154591548,"duration":427},"status":"passed","steps":[],"attachments":[],"parameters":[],"hasContent":false,"stepsCount":0,"shouldDisplayMessage":false,"attachmentsCount":0},{"name":"Given  I set the count to \"4\"","time":{"start":1687154591548,"stop":1687154591703,"duration":155},"status":"passed","steps":[],"attachments":[],"parameters":[],"hasContent":false,"stepsCount":0,"shouldDisplayMessage":false,"attachmentsCount":0},{"name":"Given  I click the Add To Cart button","time":{"start":1687154591704,"stop":1687154592406,"duration":702},"status":"passed","steps":[],"attachments":[],"parameters":[],"hasContent":false,"stepsCount":0,"shouldDisplayMessage":false,"attachmentsCount":0},{"name":"Given  I click the cart icon","time":{"start":1687154592407,"stop":1687154592663,"duration":256},"status":"passed","steps":[],"attachments":[],"parameters":[],"hasContent":false,"stepsCount":0,"shouldDisplayMessage":false,"attachmentsCount":0},{"name":"Given  I click the Summary button on the shopping cart page","time":{"start":1687154592663,"stop":1687154592962,"duration":299},"status":"passed","steps":[],"attachments":[],"parameters":[],"hasContent":false,"stepsCount":0,"shouldDisplayMessage":false,"attachmentsCount":0},{"name":"Given  I click the Place Order button on the order summary page","time":{"start":1687154592962,"stop":1687154594153,"duration":1191},"status":"broken","statusMessage":"element click intercepted: Element <button type=\"submit\" value=\"...\" class=\"btn btn-primary form-control\">Place Order</button> is not clickable at point (706, 557). Other element would receive the click: <div b-xaq7ih10jw=\"\" class=\"text-center\">...</div>\n  (Session info: chrome=114.0.5735.110)\nBuild info: version: '4.9.0', revision: 'd7057100a6'\nSystem info: os.name: 'Windows Server 2022', os.arch: 'amd64', os.version: '10.0', java.version: '1.8.0_372'\nDriver info: org.openqa.selenium.chrome.ChromeDriver\nCommand: [44f75fde79bcc6f18305ab62493fedb0, clickElement {id=A289C3357B36B566684B3CFEAAC71EC4_element_50}]\nCapabilities {acceptInsecureCerts: false, browserName: chrome, browserVersion: 114.0.5735.110, chrome: {chromedriverVersion: 114.0.5735.90 (386bc09e8f4f..., userDataDir: C:\\Windows\\SystemTemp\\scope...}, goog:chromeOptions: {debuggerAddress: localhost:52963}, networkConnectionEnabled: false, pageLoadStrategy: normal, platformName: WINDOWS, proxy: Proxy(), se:cdp: ws://localhost:52963/devtoo..., se:cdpVersion: 114.0.5735.110, setWindowRect: true, strictFileInteractability: false, timeouts: {implicit: 0, pageLoad: 300000, script: 30000}, unhandledPromptBehavior: dismiss and notify, webauthn:extension:credBlob: true, webauthn:extension:largeBlob: true, webauthn:extension:minPinLength: true, webauthn:extension:prf: true, webauthn:virtualAuthenticators: true}\nElement: [[ChromeDriver: chrome on WINDOWS (44f75fde79bcc6f18305ab62493fedb0)] -> xpath: //button[contains(text(),'Place Order')]]\nSession ID: 44f75fde79bcc6f18305ab62493fedb0","statusTrace":"org.openqa.selenium.ElementClickInterceptedException: element click intercepted: Element <button type=\"submit\" value=\"...\" class=\"btn btn-primary form-control\">Place Order</button> is not clickable at point (706, 557). Other element would receive the click: <div b-xaq7ih10jw=\"\" class=\"text-center\">...</div>\n  (Session info: chrome=114.0.5735.110)\nBuild info: version: '4.9.0', revision: 'd7057100a6'\nSystem info: os.name: 'Windows Server 2022', os.arch: 'amd64', os.version: '10.0', java.version: '1.8.0_372'\nDriver info: org.openqa.selenium.chrome.ChromeDriver\nCommand: [44f75fde79bcc6f18305ab62493fedb0, clickElement {id=A289C3357B36B566684B3CFEAAC71EC4_element_50}]\nCapabilities {acceptInsecureCerts: false, browserName: chrome, browserVersion: 114.0.5735.110, chrome: {chromedriverVersion: 114.0.5735.90 (386bc09e8f4f..., userDataDir: C:\\Windows\\SystemTemp\\scope...}, goog:chromeOptions: {debuggerAddress: localhost:52963}, networkConnectionEnabled: false, pageLoadStrategy: normal, platformName: WINDOWS, proxy: Proxy(), se:cdp: ws://localhost:52963/devtoo..., se:cdpVersion: 114.0.5735.110, setWindowRect: true, strictFileInteractability: false, timeouts: {implicit: 0, pageLoad: 300000, script: 30000}, unhandledPromptBehavior: dismiss and notify, webauthn:extension:credBlob: true, webauthn:extension:largeBlob: true, webauthn:extension:minPinLength: true, webauthn:extension:prf: true, webauthn:virtualAuthenticators: true}\nElement: [[ChromeDriver: chrome on WINDOWS (44f75fde79bcc6f18305ab62493fedb0)] -> xpath: //button[contains(text(),'Place Order')]]\nSession ID: 44f75fde79bcc6f18305ab62493fedb0\r\n\tat sun.reflect.NativeConstructorAccessorImpl.newInstance0(Native Method)\r\n\tat sun.reflect.NativeConstructorAccessorImpl.newInstance(NativeConstructorAccessorImpl.java:62)\r\n\tat sun.reflect.DelegatingConstructorAccessorImpl.newInstance(DelegatingConstructorAccessorImpl.java:45)\r\n\tat java.lang.reflect.Constructor.newInstance(Constructor.java:423)\r\n\tat org.openqa.selenium.remote.codec.w3c.W3CHttpResponseCodec.createException(W3CHttpResponseCodec.java:200)\r\n\tat org.openqa.selenium.remote.codec.w3c.W3CHttpResponseCodec.decode(W3CHttpResponseCodec.java:133)\r\n\tat org.openqa.selenium.remote.codec.w3c.W3CHttpResponseCodec.decode(W3CHttpResponseCodec.java:53)\r\n\tat org.openqa.selenium.remote.HttpCommandExecutor.execute(HttpCommandExecutor.java:193)\r\n\tat org.openqa.selenium.remote.service.DriverCommandExecutor.invokeExecute(DriverCommandExecutor.java:183)\r\n\tat org.openqa.selenium.remote.service.DriverCommandExecutor.execute(DriverCommandExecutor.java:158)\r\n\tat org.openqa.selenium.remote.RemoteWebDriver.execute(RemoteWebDriver.java:543)\r\n\tat org.openqa.selenium.remote.RemoteWebElement.execute(RemoteWebElement.java:257)\r\n\tat org.openqa.selenium.remote.RemoteWebElement.click(RemoteWebElement.java:78)\r\n\tat ui.utilities.UiHelperMethods.clickElement(UiHelperMethods.java:29)\r\n\tat ui.pages.OrderSummaryPage.clickPlaceOrderBtn(OrderSummaryPage.java:20)\r\n\tat ui.stepDefinitions.OrderSummarySteps.clickThePlaceOrderBtn(OrderSummarySteps.java:21)\r\n\tat ✽.I click the Place Order button on the order summary page(file:///D:/a/1/s/src/main/features/UI/OrderTests.feature:13)\r\n","steps":[],"attachments":[],"parameters":[],"hasContent":true,"stepsCount":0,"shouldDisplayMessage":true,"attachmentsCount":0},{"name":"When  I enter the credit card details on the stripe redirect page and click pay","time":{"start":1687154594169,"stop":1687154594169,"duration":0},"status":"skipped","steps":[],"attachments":[],"parameters":[],"hasContent":false,"stepsCount":0,"shouldDisplayMessage":false,"attachmentsCount":0},{"name":"Then  I am notified the order is placed successfully","time":{"start":1687154594169,"stop":1687154594169,"duration":0},"status":"skipped","steps":[],"attachments":[],"parameters":[],"hasContent":false,"stepsCount":0,"shouldDisplayMessage":false,"attachmentsCount":0}],"attachments":[],"parameters":[],"hasContent":true,"stepsCount":11,"shouldDisplayMessage":false,"attachmentsCount":0},"afterStages":[{"name":"ui.stepDefinitions.ContextSteps.tearDown(io.cucumber.java.Scenario)","time":{"start":1687154594169,"stop":1687154594418,"duration":249},"status":"passed","steps":[],"attachments":[{"uid":"6e01961d230f26ca","name":"./Screenshots/Create an Order_1906230603.png","source":"6e01961d230f26ca.png","type":"image/png","size":35993}],"parameters":[],"hasContent":true,"stepsCount":0,"shouldDisplayMessage":false,"attachmentsCount":1}],"labels":[{"name":"tag","value":"TestNG"},{"name":"host","value":"fv-az175-797"},{"name":"thread","value":"6572@fv-az175-797.main(1)"},{"name":"feature","value":"Order Tests as Customer - Bulky Web App"},{"name":"story","value":"Create an Order"},{"name":"suite","value":"Order Tests as Customer - Bulky Web App"},{"name":"testClass","value":"Create an Order"},{"name":"framework","value":"cucumber4jvm"},{"name":"language","value":"java"},{"name":"gherkin_uri","value":"file:///D:/a/1/s/src/main/features/UI/OrderTests.feature"},{"name":"package","value":"src.main.features.UI.OrderTests_feature.Order Tests as Customer - Bulky Web App"},{"name":"resultFormat","value":"allure2"}],"parameters":[],"links":[],"hidden":false,"retry":false,"extra":{"severity":"normal","retries":[{"uid":"1ea18867e2d2c00","status":"broken","statusDetails":"element click intercepted: Element <button type=\"submit\" value=\"...\" class=\"btn btn-primary form-control\">Place Order</button> is not clickable at point (875, 596). Other element would receive the click: <html lang=\"en\">...</html>\n  (Session info: chrome=114.0.5735.110)\nBuild info: version: '4.9.0', revision: 'd7057100a6'\nSystem info: os.name: 'Windows 11', os.arch: 'amd64', os.version: '10.0', java.version: '20.0.1'\nDriver info: org.openqa.selenium.chrome.ChromeDriver\nCommand: [79f71c6bd1c0d533567b28e41ca7b3ff, clickElement {id=0FAD6EA47E1B2E14CAB5F04958F3C831_element_83}]\nCapabilities {acceptInsecureCerts: false, browserName: chrome, browserVersion: 114.0.5735.110, chrome: {chromedriverVersion: 114.0.5735.90 (386bc09e8f4f..., userDataDir: C:\\Users\\Jack\\AppData\\Local...}, goog:chromeOptions: {debuggerAddress: localhost:58240}, networkConnectionEnabled: false, pageLoadStrategy: normal, platformName: WINDOWS, proxy: Proxy(), se:cdp: ws://localhost:58240/devtoo..., se:cdpVersion: 114.0.5735.110, setWindowRect: true, strictFileInteractability: false, timeouts: {implicit: 0, pageLoad: 300000, script: 30000}, unhandledPromptBehavior: dismiss and notify, webauthn:extension:credBlob: true, webauthn:extension:largeBlob: true, webauthn:extension:minPinLength: true, webauthn:extension:prf: true, webauthn:virtualAuthenticators: true}\nElement: [[ChromeDriver: chrome on WINDOWS (79f71c6bd1c0d533567b28e41ca7b3ff)] -> xpath: //button[contains(text(),'Place Order')]]\nSession ID: 79f71c6bd1c0d533567b28e41ca7b3ff","time":{"start":1686845647963,"stop":1686845674211,"duration":26248}},{"uid":"bf8a7507d4e0ea3c","status":"broken","statusDetails":"element click intercepted: Element <button type=\"submit\" value=\"...\" class=\"btn btn-primary form-control\">Place Order</button> is not clickable at point (875, 596). Other element would receive the click: <html lang=\"en\">...</html>\n  (Session info: chrome=114.0.5735.110)\nBuild info: version: '4.9.0', revision: 'd7057100a6'\nSystem info: os.name: 'Windows 11', os.arch: 'amd64', os.version: '10.0', java.version: '20.0.1'\nDriver info: org.openqa.selenium.chrome.ChromeDriver\nCommand: [4a533f04944cc34f4b193e11a68d82bd, clickElement {id=F5BB85213C6C9DE080A6B818A050A9F3_element_174}]\nCapabilities {acceptInsecureCerts: false, browserName: chrome, browserVersion: 114.0.5735.110, chrome: {chromedriverVersion: 114.0.5735.90 (386bc09e8f4f..., userDataDir: C:\\Users\\Jack\\AppData\\Local...}, goog:chromeOptions: {debuggerAddress: localhost:57993}, networkConnectionEnabled: false, pageLoadStrategy: normal, platformName: WINDOWS, proxy: Proxy(), se:cdp: ws://localhost:57993/devtoo..., se:cdpVersion: 114.0.5735.110, setWindowRect: true, strictFileInteractability: false, timeouts: {implicit: 0, pageLoad: 300000, script: 30000}, unhandledPromptBehavior: dismiss and notify, webauthn:extension:credBlob: true, webauthn:extension:largeBlob: true, webauthn:extension:minPinLength: true, webauthn:extension:prf: true, webauthn:virtualAuthenticators: true}\nElement: [[ChromeDriver: chrome on WINDOWS (4a533f04944cc34f4b193e11a68d82bd)] -> xpath: //button[contains(text(),'Place Order')]]\nSession ID: 4a533f04944cc34f4b193e11a68d82bd","time":{"start":1686845155215,"stop":1686845186821,"duration":31606}},{"uid":"f6167da942a44b6","status":"broken","statusDetails":"element click intercepted: Element <button type=\"submit\" value=\"...\" class=\"btn btn-primary form-control\">Place Order</button> is not clickable at point (875, 596). Other element would receive the click: <html lang=\"en\">...</html>\n  (Session info: chrome=114.0.5735.110)\nBuild info: version: '4.9.0', revision: 'd7057100a6'\nSystem info: os.name: 'Windows 11', os.arch: 'amd64', os.version: '10.0', java.version: '20.0.1'\nDriver info: org.openqa.selenium.chrome.ChromeDriver\nCommand: [7ef82a0bd87d1cedba852d3134b806e6, clickElement {id=FD19EC8D6F3F2A3B1A6EA0C6ADC150BC_element_175}]\nCapabilities {acceptInsecureCerts: false, browserName: chrome, browserVersion: 114.0.5735.110, chrome: {chromedriverVersion: 114.0.5735.90 (386bc09e8f4f..., userDataDir: C:\\Users\\Jack\\AppData\\Local...}, goog:chromeOptions: {debuggerAddress: localhost:57059}, networkConnectionEnabled: false, pageLoadStrategy: normal, platformName: WINDOWS, proxy: Proxy(), se:cdp: ws://localhost:57059/devtoo..., se:cdpVersion: 114.0.5735.110, setWindowRect: true, strictFileInteractability: false, timeouts: {implicit: 0, pageLoad: 300000, script: 30000}, unhandledPromptBehavior: dismiss and notify, webauthn:extension:credBlob: true, webauthn:extension:largeBlob: true, webauthn:extension:minPinLength: true, webauthn:extension:prf: true, webauthn:virtualAuthenticators: true}\nElement: [[ChromeDriver: chrome on WINDOWS (7ef82a0bd87d1cedba852d3134b806e6)] -> xpath: //button[contains(text(),'Place Order')]]\nSession ID: 7ef82a0bd87d1cedba852d3134b806e6","time":{"start":1686844496781,"stop":1686844530664,"duration":33883}},{"uid":"51615ad40e92f725","status":"broken","statusDetails":"element click intercepted: Element is not clickable at point (1593, 615)\n  (Session info: chrome=114.0.5735.110)\nBuild info: version: '4.9.0', revision: 'd7057100a6'\nSystem info: os.name: 'Windows 11', os.arch: 'amd64', os.version: '10.0', java.version: '20.0.1'\nDriver info: org.openqa.selenium.chrome.ChromeDriver\nCommand: [328de6e905659e14b9a7c84f09f77d8e, clickElement {id=2DCD952D19C309316505A300230168A3_element_177}]\nCapabilities {acceptInsecureCerts: false, browserName: chrome, browserVersion: 114.0.5735.110, chrome: {chromedriverVersion: 114.0.5735.90 (386bc09e8f4f..., userDataDir: C:\\Users\\Jack\\AppData\\Local...}, goog:chromeOptions: {debuggerAddress: localhost:56962}, networkConnectionEnabled: false, pageLoadStrategy: normal, platformName: WINDOWS, proxy: Proxy(), se:cdp: ws://localhost:56962/devtoo..., se:cdpVersion: 114.0.5735.110, setWindowRect: true, strictFileInteractability: false, timeouts: {implicit: 0, pageLoad: 300000, script: 30000}, unhandledPromptBehavior: dismiss and notify, webauthn:extension:credBlob: true, webauthn:extension:largeBlob: true, webauthn:extension:minPinLength: true, webauthn:extension:prf: true, webauthn:virtualAuthenticators: true}\nElement: [[ChromeDriver: chrome on WINDOWS (328de6e905659e14b9a7c84f09f77d8e)] -> xpath: //button[contains(text(),'Place Order')]]\nSession ID: 328de6e905659e14b9a7c84f09f77d8e","time":{"start":1686844405271,"stop":1686844451458,"duration":46187}},{"uid":"52a5d010aff16425","status":"broken","statusDetails":"element click intercepted: Element is not clickable at point (1593, 615)\n  (Session info: chrome=114.0.5735.110)\nBuild info: version: '4.9.0', revision: 'd7057100a6'\nSystem info: os.name: 'Windows 11', os.arch: 'amd64', os.version: '10.0', java.version: '20.0.1'\nDriver info: org.openqa.selenium.chrome.ChromeDriver\nCommand: [ebd16242f25d768390358f444a34c8fa, clickElement {id=B1328A663769E4E5CC603B1AC85B4E2F_element_114}]\nCapabilities {acceptInsecureCerts: false, browserName: chrome, browserVersion: 114.0.5735.110, chrome: {chromedriverVersion: 114.0.5735.90 (386bc09e8f4f..., userDataDir: C:\\Users\\Jack\\AppData\\Local...}, goog:chromeOptions: {debuggerAddress: localhost:56852}, networkConnectionEnabled: false, pageLoadStrategy: normal, platformName: WINDOWS, proxy: Proxy(), se:cdp: ws://localhost:56852/devtoo..., se:cdpVersion: 114.0.5735.110, setWindowRect: true, strictFileInteractability: false, timeouts: {implicit: 0, pageLoad: 300000, script: 30000}, unhandledPromptBehavior: dismiss and notify, webauthn:extension:credBlob: true, webauthn:extension:largeBlob: true, webauthn:extension:minPinLength: true, webauthn:extension:prf: true, webauthn:virtualAuthenticators: true}\nElement: [[ChromeDriver: chrome on WINDOWS (ebd16242f25d768390358f444a34c8fa)] -> xpath: //button[contains(text(),'Place Order')]]\nSession ID: ebd16242f25d768390358f444a34c8fa","time":{"start":1686844309428,"stop":1686844324203,"duration":14775}},{"uid":"cd1d059a546d427c","status":"passed","time":{"start":1686844011101,"stop":1686844033520,"duration":22419}},{"uid":"dec51ba0644e835f","status":"passed","time":{"start":1686843740336,"stop":1686843765786,"duration":25450}}],"categories":[{"name":"Test defects","matchedStatuses":[],"flaky":false}],"tags":["TestNG"]},"source":"37998f46d8716997.json","parameterValues":[]}