{"uid":"df333245a5e5d5d5","name":"Create an Order","fullName":"Order Tests as Customer - Bulky Web App: Create an Order","historyId":"87bcf7bfa24ab67dcc38332109c65fb7","time":{"start":1685367868436,"stop":1685367884355,"duration":15919},"status":"broken","statusMessage":"element click intercepted: Element <button type=\"submit\" value=\"...\" class=\"btn btn-primary form-control\">Place Order</button> is not clickable at point (804, 561). Other element would receive the click: <div b-xaq7ih10jw=\"\" class=\"text-center\">...</div>\n  (Session info: chrome=113.0.5672.93)\nBuild info: version: '4.9.0', revision: 'd7057100a6'\nSystem info: os.name: 'Windows Server 2022', os.arch: 'amd64', os.version: '10.0', java.version: '1.8.0_372'\nDriver info: org.openqa.selenium.chrome.ChromeDriver\nCommand: [db88d5ecc4a08a1068c4be1be78defcc, clickElement {id=4E1AC98EF41AD78BEB6E3B1703696F07_element_100}]\nCapabilities {acceptInsecureCerts: false, browserName: chrome, browserVersion: 113.0.5672.93, chrome: {chromedriverVersion: 113.0.5672.63 (0e1a4471d5ae..., userDataDir: C:\\Program Files (x86)\\scop...}, goog:chromeOptions: {debuggerAddress: localhost:65432}, networkConnectionEnabled: false, pageLoadStrategy: normal, platformName: WINDOWS, proxy: Proxy(), se:cdp: ws://localhost:65432/devtoo..., se:cdpVersion: 113.0.5672.93, setWindowRect: true, strictFileInteractability: false, timeouts: {implicit: 0, pageLoad: 300000, script: 30000}, unhandledPromptBehavior: dismiss and notify, webauthn:extension:credBlob: true, webauthn:extension:largeBlob: true, webauthn:extension:minPinLength: true, webauthn:extension:prf: true, webauthn:virtualAuthenticators: true}\nElement: [[ChromeDriver: chrome on WINDOWS (db88d5ecc4a08a1068c4be1be78defcc)] -> xpath: //button[contains(text(),'Place Order')]]\nSession ID: db88d5ecc4a08a1068c4be1be78defcc","statusTrace":"org.openqa.selenium.ElementClickInterceptedException: element click intercepted: Element <button type=\"submit\" value=\"...\" class=\"btn btn-primary form-control\">Place Order</button> is not clickable at point (804, 561). Other element would receive the click: <div b-xaq7ih10jw=\"\" class=\"text-center\">...</div>\n  (Session info: chrome=113.0.5672.93)\nBuild info: version: '4.9.0', revision: 'd7057100a6'\nSystem info: os.name: 'Windows Server 2022', os.arch: 'amd64', os.version: '10.0', java.version: '1.8.0_372'\nDriver info: org.openqa.selenium.chrome.ChromeDriver\nCommand: [db88d5ecc4a08a1068c4be1be78defcc, clickElement {id=4E1AC98EF41AD78BEB6E3B1703696F07_element_100}]\nCapabilities {acceptInsecureCerts: false, browserName: chrome, browserVersion: 113.0.5672.93, chrome: {chromedriverVersion: 113.0.5672.63 (0e1a4471d5ae..., userDataDir: C:\\Program Files (x86)\\scop...}, goog:chromeOptions: {debuggerAddress: localhost:65432}, networkConnectionEnabled: false, pageLoadStrategy: normal, platformName: WINDOWS, proxy: Proxy(), se:cdp: ws://localhost:65432/devtoo..., se:cdpVersion: 113.0.5672.93, setWindowRect: true, strictFileInteractability: false, timeouts: {implicit: 0, pageLoad: 300000, script: 30000}, unhandledPromptBehavior: dismiss and notify, webauthn:extension:credBlob: true, webauthn:extension:largeBlob: true, webauthn:extension:minPinLength: true, webauthn:extension:prf: true, webauthn:virtualAuthenticators: true}\nElement: [[ChromeDriver: chrome on WINDOWS (db88d5ecc4a08a1068c4be1be78defcc)] -> xpath: //button[contains(text(),'Place Order')]]\nSession ID: db88d5ecc4a08a1068c4be1be78defcc\r\n\tat sun.reflect.NativeConstructorAccessorImpl.newInstance0(Native Method)\r\n\tat sun.reflect.NativeConstructorAccessorImpl.newInstance(NativeConstructorAccessorImpl.java:62)\r\n\tat sun.reflect.DelegatingConstructorAccessorImpl.newInstance(DelegatingConstructorAccessorImpl.java:45)\r\n\tat java.lang.reflect.Constructor.newInstance(Constructor.java:423)\r\n\tat org.openqa.selenium.remote.codec.w3c.W3CHttpResponseCodec.createException(W3CHttpResponseCodec.java:200)\r\n\tat org.openqa.selenium.remote.codec.w3c.W3CHttpResponseCodec.decode(W3CHttpResponseCodec.java:133)\r\n\tat org.openqa.selenium.remote.codec.w3c.W3CHttpResponseCodec.decode(W3CHttpResponseCodec.java:53)\r\n\tat org.openqa.selenium.remote.HttpCommandExecutor.execute(HttpCommandExecutor.java:193)\r\n\tat org.openqa.selenium.remote.service.DriverCommandExecutor.invokeExecute(DriverCommandExecutor.java:183)\r\n\tat org.openqa.selenium.remote.service.DriverCommandExecutor.execute(DriverCommandExecutor.java:158)\r\n\tat org.openqa.selenium.remote.RemoteWebDriver.execute(RemoteWebDriver.java:543)\r\n\tat org.openqa.selenium.remote.RemoteWebElement.execute(RemoteWebElement.java:257)\r\n\tat org.openqa.selenium.remote.RemoteWebElement.click(RemoteWebElement.java:78)\r\n\tat ui.utilities.UiHelperMethods.clickElement(UiHelperMethods.java:29)\r\n\tat ui.pages.OrderSummaryPage.clickPlaceOrderBtn(OrderSummaryPage.java:19)\r\n\tat ui.stepDefinitions.OrderSummarySteps.clickThePlaceOrderBtn(OrderSummarySteps.java:21)\r\n\tat ✽.I click the Place Order button on the order summary page(file:///D:/a/1/s/src/main/features/UI/Customer%20Tests/OrderTests.feature:13)\r\n","flaky":false,"newFailed":false,"newBroken":false,"newPassed":false,"retriesCount":0,"retriesStatusChange":false,"beforeStages":[{"name":"ui.stepDefinitions.ContextSteps.setUp()","time":{"start":1685367868451,"stop":1685367876587,"duration":8136},"status":"passed","steps":[],"attachments":[],"parameters":[],"stepsCount":0,"hasContent":false,"attachmentsCount":0,"shouldDisplayMessage":false}],"testStage":{"status":"broken","statusMessage":"element click intercepted: Element <button type=\"submit\" value=\"...\" class=\"btn btn-primary form-control\">Place Order</button> is not clickable at point (804, 561). Other element would receive the click: <div b-xaq7ih10jw=\"\" class=\"text-center\">...</div>\n  (Session info: chrome=113.0.5672.93)\nBuild info: version: '4.9.0', revision: 'd7057100a6'\nSystem info: os.name: 'Windows Server 2022', os.arch: 'amd64', os.version: '10.0', java.version: '1.8.0_372'\nDriver info: org.openqa.selenium.chrome.ChromeDriver\nCommand: [db88d5ecc4a08a1068c4be1be78defcc, clickElement {id=4E1AC98EF41AD78BEB6E3B1703696F07_element_100}]\nCapabilities {acceptInsecureCerts: false, browserName: chrome, browserVersion: 113.0.5672.93, chrome: {chromedriverVersion: 113.0.5672.63 (0e1a4471d5ae..., userDataDir: C:\\Program Files (x86)\\scop...}, goog:chromeOptions: {debuggerAddress: localhost:65432}, networkConnectionEnabled: false, pageLoadStrategy: normal, platformName: WINDOWS, proxy: Proxy(), se:cdp: ws://localhost:65432/devtoo..., se:cdpVersion: 113.0.5672.93, setWindowRect: true, strictFileInteractability: false, timeouts: {implicit: 0, pageLoad: 300000, script: 30000}, unhandledPromptBehavior: dismiss and notify, webauthn:extension:credBlob: true, webauthn:extension:largeBlob: true, webauthn:extension:minPinLength: true, webauthn:extension:prf: true, webauthn:virtualAuthenticators: true}\nElement: [[ChromeDriver: chrome on WINDOWS (db88d5ecc4a08a1068c4be1be78defcc)] -> xpath: //button[contains(text(),'Place Order')]]\nSession ID: db88d5ecc4a08a1068c4be1be78defcc","statusTrace":"org.openqa.selenium.ElementClickInterceptedException: element click intercepted: Element <button type=\"submit\" value=\"...\" class=\"btn btn-primary form-control\">Place Order</button> is not clickable at point (804, 561). Other element would receive the click: <div b-xaq7ih10jw=\"\" class=\"text-center\">...</div>\n  (Session info: chrome=113.0.5672.93)\nBuild info: version: '4.9.0', revision: 'd7057100a6'\nSystem info: os.name: 'Windows Server 2022', os.arch: 'amd64', os.version: '10.0', java.version: '1.8.0_372'\nDriver info: org.openqa.selenium.chrome.ChromeDriver\nCommand: [db88d5ecc4a08a1068c4be1be78defcc, clickElement {id=4E1AC98EF41AD78BEB6E3B1703696F07_element_100}]\nCapabilities {acceptInsecureCerts: false, browserName: chrome, browserVersion: 113.0.5672.93, chrome: {chromedriverVersion: 113.0.5672.63 (0e1a4471d5ae..., userDataDir: C:\\Program Files (x86)\\scop...}, goog:chromeOptions: {debuggerAddress: localhost:65432}, networkConnectionEnabled: false, pageLoadStrategy: normal, platformName: WINDOWS, proxy: Proxy(), se:cdp: ws://localhost:65432/devtoo..., se:cdpVersion: 113.0.5672.93, setWindowRect: true, strictFileInteractability: false, timeouts: {implicit: 0, pageLoad: 300000, script: 30000}, unhandledPromptBehavior: dismiss and notify, webauthn:extension:credBlob: true, webauthn:extension:largeBlob: true, webauthn:extension:minPinLength: true, webauthn:extension:prf: true, webauthn:virtualAuthenticators: true}\nElement: [[ChromeDriver: chrome on WINDOWS (db88d5ecc4a08a1068c4be1be78defcc)] -> xpath: //button[contains(text(),'Place Order')]]\nSession ID: db88d5ecc4a08a1068c4be1be78defcc\r\n\tat sun.reflect.NativeConstructorAccessorImpl.newInstance0(Native Method)\r\n\tat sun.reflect.NativeConstructorAccessorImpl.newInstance(NativeConstructorAccessorImpl.java:62)\r\n\tat sun.reflect.DelegatingConstructorAccessorImpl.newInstance(DelegatingConstructorAccessorImpl.java:45)\r\n\tat java.lang.reflect.Constructor.newInstance(Constructor.java:423)\r\n\tat org.openqa.selenium.remote.codec.w3c.W3CHttpResponseCodec.createException(W3CHttpResponseCodec.java:200)\r\n\tat org.openqa.selenium.remote.codec.w3c.W3CHttpResponseCodec.decode(W3CHttpResponseCodec.java:133)\r\n\tat org.openqa.selenium.remote.codec.w3c.W3CHttpResponseCodec.decode(W3CHttpResponseCodec.java:53)\r\n\tat org.openqa.selenium.remote.HttpCommandExecutor.execute(HttpCommandExecutor.java:193)\r\n\tat org.openqa.selenium.remote.service.DriverCommandExecutor.invokeExecute(DriverCommandExecutor.java:183)\r\n\tat org.openqa.selenium.remote.service.DriverCommandExecutor.execute(DriverCommandExecutor.java:158)\r\n\tat org.openqa.selenium.remote.RemoteWebDriver.execute(RemoteWebDriver.java:543)\r\n\tat org.openqa.selenium.remote.RemoteWebElement.execute(RemoteWebElement.java:257)\r\n\tat org.openqa.selenium.remote.RemoteWebElement.click(RemoteWebElement.java:78)\r\n\tat ui.utilities.UiHelperMethods.clickElement(UiHelperMethods.java:29)\r\n\tat ui.pages.OrderSummaryPage.clickPlaceOrderBtn(OrderSummaryPage.java:19)\r\n\tat ui.stepDefinitions.OrderSummarySteps.clickThePlaceOrderBtn(OrderSummarySteps.java:21)\r\n\tat ✽.I click the Place Order button on the order summary page(file:///D:/a/1/s/src/main/features/UI/Customer%20Tests/OrderTests.feature:13)\r\n","steps":[{"name":"Given  I open the web app \"https://bulkymvc-jack.azurewebsites.net/\"","time":{"start":1685367876587,"stop":1685367877933,"duration":1346},"status":"passed","steps":[],"attachments":[],"parameters":[],"stepsCount":0,"hasContent":false,"attachmentsCount":0,"shouldDisplayMessage":false},{"name":"Given  I click the login link","time":{"start":1685367877934,"stop":1685367878549,"duration":615},"status":"passed","steps":[],"attachments":[],"parameters":[],"stepsCount":0,"hasContent":false,"attachmentsCount":0,"shouldDisplayMessage":false},{"name":"Given  I enter the username \"customer@email.com\" and password \"Test123!\"","time":{"start":1685367878549,"stop":1685367880065,"duration":1516},"status":"passed","steps":[],"attachments":[],"parameters":[],"stepsCount":0,"hasContent":false,"attachmentsCount":0,"shouldDisplayMessage":false},{"name":"Given  I click the details button for product \"Fortune of Time\"","time":{"start":1685367880065,"stop":1685367880595,"duration":530},"status":"passed","steps":[],"attachments":[],"parameters":[],"stepsCount":0,"hasContent":false,"attachmentsCount":0,"shouldDisplayMessage":false},{"name":"Given  I set the count to \"4\"","time":{"start":1685367880595,"stop":1685367880966,"duration":371},"status":"passed","steps":[],"attachments":[],"parameters":[],"stepsCount":0,"hasContent":false,"attachmentsCount":0,"shouldDisplayMessage":false},{"name":"Given  I click the Add To Cart button","time":{"start":1685367880967,"stop":1685367881557,"duration":590},"status":"passed","steps":[],"attachments":[],"parameters":[],"stepsCount":0,"hasContent":false,"attachmentsCount":0,"shouldDisplayMessage":false},{"name":"Given  I click the cart icon","time":{"start":1685367881557,"stop":1685367882031,"duration":474},"status":"passed","steps":[],"attachments":[],"parameters":[],"stepsCount":0,"hasContent":false,"attachmentsCount":0,"shouldDisplayMessage":false},{"name":"Given  I click the Summary button on the shopping cart page","time":{"start":1685367882033,"stop":1685367882488,"duration":455},"status":"passed","steps":[],"attachments":[],"parameters":[],"stepsCount":0,"hasContent":false,"attachmentsCount":0,"shouldDisplayMessage":false},{"name":"Given  I click the Place Order button on the order summary page","time":{"start":1685367882489,"stop":1685367883966,"duration":1477},"status":"broken","statusMessage":"element click intercepted: Element <button type=\"submit\" value=\"...\" class=\"btn btn-primary form-control\">Place Order</button> is not clickable at point (804, 561). Other element would receive the click: <div b-xaq7ih10jw=\"\" class=\"text-center\">...</div>\n  (Session info: chrome=113.0.5672.93)\nBuild info: version: '4.9.0', revision: 'd7057100a6'\nSystem info: os.name: 'Windows Server 2022', os.arch: 'amd64', os.version: '10.0', java.version: '1.8.0_372'\nDriver info: org.openqa.selenium.chrome.ChromeDriver\nCommand: [db88d5ecc4a08a1068c4be1be78defcc, clickElement {id=4E1AC98EF41AD78BEB6E3B1703696F07_element_100}]\nCapabilities {acceptInsecureCerts: false, browserName: chrome, browserVersion: 113.0.5672.93, chrome: {chromedriverVersion: 113.0.5672.63 (0e1a4471d5ae..., userDataDir: C:\\Program Files (x86)\\scop...}, goog:chromeOptions: {debuggerAddress: localhost:65432}, networkConnectionEnabled: false, pageLoadStrategy: normal, platformName: WINDOWS, proxy: Proxy(), se:cdp: ws://localhost:65432/devtoo..., se:cdpVersion: 113.0.5672.93, setWindowRect: true, strictFileInteractability: false, timeouts: {implicit: 0, pageLoad: 300000, script: 30000}, unhandledPromptBehavior: dismiss and notify, webauthn:extension:credBlob: true, webauthn:extension:largeBlob: true, webauthn:extension:minPinLength: true, webauthn:extension:prf: true, webauthn:virtualAuthenticators: true}\nElement: [[ChromeDriver: chrome on WINDOWS (db88d5ecc4a08a1068c4be1be78defcc)] -> xpath: //button[contains(text(),'Place Order')]]\nSession ID: db88d5ecc4a08a1068c4be1be78defcc","statusTrace":"org.openqa.selenium.ElementClickInterceptedException: element click intercepted: Element <button type=\"submit\" value=\"...\" class=\"btn btn-primary form-control\">Place Order</button> is not clickable at point (804, 561). Other element would receive the click: <div b-xaq7ih10jw=\"\" class=\"text-center\">...</div>\n  (Session info: chrome=113.0.5672.93)\nBuild info: version: '4.9.0', revision: 'd7057100a6'\nSystem info: os.name: 'Windows Server 2022', os.arch: 'amd64', os.version: '10.0', java.version: '1.8.0_372'\nDriver info: org.openqa.selenium.chrome.ChromeDriver\nCommand: [db88d5ecc4a08a1068c4be1be78defcc, clickElement {id=4E1AC98EF41AD78BEB6E3B1703696F07_element_100}]\nCapabilities {acceptInsecureCerts: false, browserName: chrome, browserVersion: 113.0.5672.93, chrome: {chromedriverVersion: 113.0.5672.63 (0e1a4471d5ae..., userDataDir: C:\\Program Files (x86)\\scop...}, goog:chromeOptions: {debuggerAddress: localhost:65432}, networkConnectionEnabled: false, pageLoadStrategy: normal, platformName: WINDOWS, proxy: Proxy(), se:cdp: ws://localhost:65432/devtoo..., se:cdpVersion: 113.0.5672.93, setWindowRect: true, strictFileInteractability: false, timeouts: {implicit: 0, pageLoad: 300000, script: 30000}, unhandledPromptBehavior: dismiss and notify, webauthn:extension:credBlob: true, webauthn:extension:largeBlob: true, webauthn:extension:minPinLength: true, webauthn:extension:prf: true, webauthn:virtualAuthenticators: true}\nElement: [[ChromeDriver: chrome on WINDOWS (db88d5ecc4a08a1068c4be1be78defcc)] -> xpath: //button[contains(text(),'Place Order')]]\nSession ID: db88d5ecc4a08a1068c4be1be78defcc\r\n\tat sun.reflect.NativeConstructorAccessorImpl.newInstance0(Native Method)\r\n\tat sun.reflect.NativeConstructorAccessorImpl.newInstance(NativeConstructorAccessorImpl.java:62)\r\n\tat sun.reflect.DelegatingConstructorAccessorImpl.newInstance(DelegatingConstructorAccessorImpl.java:45)\r\n\tat java.lang.reflect.Constructor.newInstance(Constructor.java:423)\r\n\tat org.openqa.selenium.remote.codec.w3c.W3CHttpResponseCodec.createException(W3CHttpResponseCodec.java:200)\r\n\tat org.openqa.selenium.remote.codec.w3c.W3CHttpResponseCodec.decode(W3CHttpResponseCodec.java:133)\r\n\tat org.openqa.selenium.remote.codec.w3c.W3CHttpResponseCodec.decode(W3CHttpResponseCodec.java:53)\r\n\tat org.openqa.selenium.remote.HttpCommandExecutor.execute(HttpCommandExecutor.java:193)\r\n\tat org.openqa.selenium.remote.service.DriverCommandExecutor.invokeExecute(DriverCommandExecutor.java:183)\r\n\tat org.openqa.selenium.remote.service.DriverCommandExecutor.execute(DriverCommandExecutor.java:158)\r\n\tat org.openqa.selenium.remote.RemoteWebDriver.execute(RemoteWebDriver.java:543)\r\n\tat org.openqa.selenium.remote.RemoteWebElement.execute(RemoteWebElement.java:257)\r\n\tat org.openqa.selenium.remote.RemoteWebElement.click(RemoteWebElement.java:78)\r\n\tat ui.utilities.UiHelperMethods.clickElement(UiHelperMethods.java:29)\r\n\tat ui.pages.OrderSummaryPage.clickPlaceOrderBtn(OrderSummaryPage.java:19)\r\n\tat ui.stepDefinitions.OrderSummarySteps.clickThePlaceOrderBtn(OrderSummarySteps.java:21)\r\n\tat ✽.I click the Place Order button on the order summary page(file:///D:/a/1/s/src/main/features/UI/Customer%20Tests/OrderTests.feature:13)\r\n","steps":[],"attachments":[],"parameters":[],"stepsCount":0,"hasContent":true,"attachmentsCount":0,"shouldDisplayMessage":true},{"name":"When  I enter the credit card details on the stripe redirect page and click pay","time":{"start":1685367883982,"stop":1685367883982,"duration":0},"status":"skipped","steps":[],"attachments":[],"parameters":[],"stepsCount":0,"hasContent":false,"attachmentsCount":0,"shouldDisplayMessage":false},{"name":"Then  I am notified the order is placed successfully","time":{"start":1685367883982,"stop":1685367883982,"duration":0},"status":"skipped","steps":[],"attachments":[],"parameters":[],"stepsCount":0,"hasContent":false,"attachmentsCount":0,"shouldDisplayMessage":false}],"attachments":[],"parameters":[],"stepsCount":11,"hasContent":true,"attachmentsCount":0,"shouldDisplayMessage":false},"afterStages":[{"name":"ui.stepDefinitions.ContextSteps.tearDown(io.cucumber.java.Scenario)","time":{"start":1685367883982,"stop":1685367884355,"duration":373},"status":"passed","steps":[],"attachments":[{"uid":"f88ad251df48542e","name":"./Screenshots/Create an Order_2905231344.png","source":"f88ad251df48542e.png","type":"image/png","size":46395}],"parameters":[],"stepsCount":0,"hasContent":true,"attachmentsCount":1,"shouldDisplayMessage":false}],"labels":[{"name":"tag","value":"TestNG"},{"name":"host","value":"WIN-06511ECNCDH"},{"name":"thread","value":"3100@WIN-06511ECNCDH.main(1)"},{"name":"feature","value":"Order Tests as Customer - Bulky Web App"},{"name":"story","value":"Create an Order"},{"name":"suite","value":"Order Tests as Customer - Bulky Web App"},{"name":"testClass","value":"Create an Order"},{"name":"framework","value":"cucumber4jvm"},{"name":"language","value":"java"},{"name":"gherkin_uri","value":"file:///D:/a/1/s/src/main/features/UI/Customer%20Tests/OrderTests.feature"},{"name":"package","value":"src.main.features.UI.Customer Tests.OrderTests_feature.Order Tests as Customer - Bulky Web App"},{"name":"resultFormat","value":"allure2"}],"parameters":[],"links":[],"hidden":false,"retry":false,"extra":{"severity":"normal","retries":[],"categories":[{"name":"Test defects","matchedStatuses":[],"flaky":false}],"tags":["TestNG"]},"source":"df333245a5e5d5d5.json","parameterValues":[]}